\BOOKMARK [1][-]{cover.1}{\376\377\134\001\227\142}{}% 1
\BOOKMARK [0][-]{contents.0}{\376\377\166\356\137\125}{}% 2
\BOOKMARK [1][-]{section.1}{\376\377\176\352\213\272}{contents.0}% 3
\BOOKMARK [1][-]{section.2}{\376\377\126\375\121\205\131\026\170\024\172\166\163\260\162\266}{contents.0}% 4
\BOOKMARK [2][-]{subsection.2.1}{\376\377\227\000\154\102\122\006\147\220}{section.2}% 5
\BOOKMARK [2][-]{subsection.2.2}{\376\377\126\375\121\205\131\026\170\024\172\166\163\260\162\266}{section.2}% 6
\BOOKMARK [2][-]{subsection.2.3}{\376\377\227\142\116\064\225\356\230\230}{section.2}% 7
\BOOKMARK [1][-]{section.3}{\376\377\166\370\121\163\142\200\147\057}{contents.0}% 8
\BOOKMARK [2][-]{subsection.3.1}{\376\377\145\271\154\325\116\313\176\315}{section.3}% 9
\BOOKMARK [2][-]{subsection.3.2}{\376\377\166\370\121\163\173\227\154\325}{section.3}% 10
\BOOKMARK [2][-]{subsection.3.3}{\376\377\213\304\116\367\143\007\150\007}{section.3}% 11
\BOOKMARK [1][-]{section.4}{\376\377\173\227\154\325\213\276\213\241}{contents.0}% 12
\BOOKMARK [2][-]{subsection.4.1}{\376\377\173\227\154\325\173\200\116\313}{section.4}% 13
\BOOKMARK [2][-]{subsection.4.2}{\376\377\145\164\117\123\155\101\172\013}{section.4}% 14
\BOOKMARK [2][-]{subsection.4.3}{\376\377\133\236\232\214\153\145\232\244}{section.4}% 15
\BOOKMARK [2][-]{subsection.4.4}{\376\377\173\227\154\325\117\052\116\343\170\001}{section.4}% 16
\BOOKMARK [1][-]{section.5}{\376\377\133\236\232\214\176\323\147\234\122\006\147\220}{contents.0}% 17
\BOOKMARK [2][-]{subsection.5.1}{\376\377\133\236\232\214\176\323\147\234\145\160\143\156}{section.5}% 18
\BOOKMARK [2][-]{subsection.5.2}{\376\377\116\015\215\263\116\016\134\125\147\033}{section.5}% 19
\BOOKMARK [1][-]{section*.2}{\376\377\123\302\200\003\145\207\163\056}{contents.0}% 20
\BOOKMARK [1][-]{section*.3}{\376\377\201\364\214\042}{contents.0}% 21
\BOOKMARK [1][-]{appendix.A}{\376\377\226\104\137\125}{contents.0}% 22
\BOOKMARK [2][-]{subsection.A.1}{\376\377\226\104\137\125\000A\000:\000\040\133\236\232\214\116\343\170\001}{appendix.A}% 23
\BOOKMARK [2][-]{subsection.A.2}{\376\377\226\104\137\125\000B\000:\000\040\126\376\162\107\124\214\210\150\150\074}{appendix.A}% 24
